<?xml version="1.0" encoding="UTF-8"?>
<!-- Generated by org.testng.reporters.JUnitReportReporter -->
<testsuite hostname="EPBYGOMW0318" name="com.epam.gomel.homework.DataProviderParametersGirl" tests="6" failures="0" timestamp="24 Nov 2016 11:41:10 GMT" time="0.014" errors="0">
  <testcase name="empTest" time="0.007" classname="com.epam.gomel.homework.DataProviderParametersGirl"/>
  <testcase name="empTest" time="0.002" classname="com.epam.gomel.homework.DataProviderParametersGirl"/>
  <testcase name="empTest" time="0.002" classname="com.epam.gomel.homework.DataProviderParametersGirl"/>
  <testcase name="empTest" time="0.001" classname="com.epam.gomel.homework.DataProviderParametersGirl"/>
  <testcase name="empTest" time="0.000" classname="com.epam.gomel.homework.DataProviderParametersGirl"/>
  <testcase name="empTest" time="0.002" classname="com.epam.gomel.homework.DataProviderParametersGirl"/>
</testsuite> <!-- com.epam.gomel.homework.DataProviderParametersGirl -->
