<?xml version="1.0" encoding="UTF-8"?>
<!-- Generated by org.testng.reporters.JUnitReportReporter -->
<testsuite hostname="EPBYGOMW0318" name="com.epam.gomel.homework.BoyTestNG" tests="5" failures="0" timestamp="24 Nov 2016 09:56:44 GMT" time="0.015" errors="0">
  <testcase name="testGetMood" time="0.010" classname="com.epam.gomel.homework.BoyTestNG"/>
  <testcase name="testIsRich" time="0.000" classname="com.epam.gomel.homework.BoyTestNG"/>
  <testcase name="testIsPrettyGirlFriend" time="0.001" classname="com.epam.gomel.homework.BoyTestNG"/>
  <testcase name="testSpendSomeMoney" time="0.003" classname="com.epam.gomel.homework.BoyTestNG"/>
  <testcase name="testIsSummerMonth" time="0.001" classname="com.epam.gomel.homework.BoyTestNG"/>
</testsuite> <!-- com.epam.gomel.homework.BoyTestNG -->
