<?xml version="1.0" encoding="UTF-8"?>
<!-- Generated by org.testng.reporters.JUnitReportReporter -->
<testsuite hostname="EPBYGOMW0318" name="com.epam.gomel.homework.GirlTestNG" tests="5" failures="0" timestamp="24 Nov 2016 09:56:44 GMT" time="0.007" errors="0">
  <testcase name="testGetMood" time="0.002" classname="com.epam.gomel.homework.GirlTestNG"/>
  <testcase name="testIsBoyFriendWillBuyNewShoes" time="0.001" classname="com.epam.gomel.homework.GirlTestNG"/>
  <testcase name="testIsBoyfriendRich" time="0.001" classname="com.epam.gomel.homework.GirlTestNG"/>
  <testcase name="testSpendBoyFriendMoney" time="0.001" classname="com.epam.gomel.homework.GirlTestNG"/>
  <testcase name="testIsSlimFriendBecameFat" time="0.002" classname="com.epam.gomel.homework.GirlTestNG"/>
</testsuite> <!-- com.epam.gomel.homework.GirlTestNG -->
