<?xml version="1.0" encoding="UTF-8"?>
<!-- Generated by org.testng.reporters.JUnitReportReporter -->
<testsuite hostname="EPBYGOMW0318" name="com.epam.gomel.homework.HamcrestTest" tests="2" failures="0" timestamp="24 Nov 2016 13:56:26 GMT" time="0.007" errors="0">
  <testcase name="happyGirl2" time="0.002" classname="com.epam.gomel.homework.HamcrestTest"/>
  <testcase name="happyGirl" time="0.005" classname="com.epam.gomel.homework.HamcrestTest"/>
</testsuite> <!-- com.epam.gomel.homework.HamcrestTest -->
