<?xml version="1.0" encoding="UTF-8"?>
<!-- Generated by org.testng.reporters.JUnitReportReporter -->
<testsuite hostname="EPBYGOMW0318" name="com.epam.gomel.homework.BoyTest" tests="5" failures="0" timestamp="25 Nov 2016 09:26:10 GMT" time="0.004" errors="0">
  <testcase name="testIsPrettyGirlFriend" time="0.000" classname="com.epam.gomel.homework.BoyTest"/>
  <testcase name="testIsSummerMonth" time="0.000" classname="com.epam.gomel.homework.BoyTest"/>
  <testcase name="testIsRich" time="0.000" classname="com.epam.gomel.homework.BoyTest"/>
  <testcase name="testSpendSomeMoney" time="0.001" classname="com.epam.gomel.homework.BoyTest"/>
  <testcase name="testGetMood" time="0.003" classname="com.epam.gomel.homework.BoyTest"/>
</testsuite> <!-- com.epam.gomel.homework.BoyTest -->
