<?xml version="1.0" encoding="UTF-8"?>
<!-- Generated by org.testng.reporters.JUnitReportReporter -->
<testsuite hostname="EPBYGOMW0318" name="com.epam.gomel.homework.GirlTest" tests="6" failures="0" timestamp="25 Nov 2016 09:26:10 GMT" time="0.003" errors="0">
  <testcase name="testIsBoyfriendRich" time="0.000" classname="com.epam.gomel.homework.GirlTest"/>
  <testcase name="testIsBoyFriendWillBuyNewShoes" time="0.001" classname="com.epam.gomel.homework.GirlTest"/>
  <testcase name="testIsSlimFriendBecameFat" time="0.000" classname="com.epam.gomel.homework.GirlTest"/>
  <testcase name="testGetMood" time="0.002" classname="com.epam.gomel.homework.GirlTest"/>
  <testcase name="testSpendBoyFriendMoney" time="0.000" classname="com.epam.gomel.homework.GirlTest"/>
  <testcase name="parameterAndFactory" time="0.000" classname="com.epam.gomel.homework.GirlTest"/>
</testsuite> <!-- com.epam.gomel.homework.GirlTest -->
